[2025-10-09 14:59:52] ะกะตัะฒะตั ะทะฐะฟััะตะฝ ะฝะฐ 0.0.0.0:12345
[2025-10-09 14:59:56] ๐ฑ ะะพะฒะพะต WebSocket ะฟะพะดะบะปััะตะฝะธะต: [::1]:54222
[2025-10-09 15:00:01] ๐ฑ ะะพะฒะพะต WebSocket ะฟะพะดะบะปััะตะฝะธะต: [::1]:54239
[2025-10-09 15:00:04] ๐ฌ mif12: Hello
[2025-10-09 15:00:18] ๐ฌ mif12: Privet
[2025-10-09 15:00:42] ๐ฌ mif12: QwErTyUiOp
[2025-10-09 15:02:31] ๐ด mif1 ะฟะพะบะธะฝัะป ัะฐั
[2025-10-09 15:02:32] ๐ด mif12 ะฟะพะบะธะฝัะป ัะฐั
[2025-10-09 15:02:36] ๐ฑ ะะพะฒะพะต WebSocket ะฟะพะดะบะปััะตะฝะธะต: [::1]:54410
[2025-10-09 15:02:40] ๐ฑ ะะพะฒะพะต WebSocket ะฟะพะดะบะปััะตะฝะธะต: [::1]:54422
[2025-10-09 15:02:45] ๐ฌ mif1: Privet
[2025-10-09 15:03:06] ๐ฌ mif1: Hello
[2025-10-09 15:03:09] ๐ฌ mif12: Hello
[2025-10-09 15:03:10] ๐ฌ mif12: Hello
[2025-10-09 15:03:48] ๐ฌ mif12: Hello
[2025-10-09 15:03:51] ๐ฌ mif1: Privet
[2025-10-09 15:04:12] ๐ฌ mif1: Hello
[2025-10-09 15:04:14] ๐ฌ mif12: Privet
[2025-10-09 15:05:28] ๐ด mif12 ะฟะพะบะธะฝัะป ัะฐั
[2025-10-09 15:05:29] ๐ด mif1 ะฟะพะบะธะฝัะป ัะฐั
[2025-10-09 15:05:33] ๐ฑ ะะพะฒะพะต WebSocket ะฟะพะดะบะปััะตะฝะธะต: [::1]:54711
[2025-10-09 15:05:39] ๐ฑ ะะพะฒะพะต WebSocket ะฟะพะดะบะปััะตะฝะธะต: [::1]:54722
[2025-10-09 15:12:32] ๐ด mif1 ะฟะพะบะธะฝัะป ัะฐั
[2025-10-09 15:12:33] ๐ด mif12 ะฟะพะบะธะฝัะป ัะฐั
[2025-10-09 15:12:36] ๐ฑ ะะพะฒะพะต WebSocket ะฟะพะดะบะปััะตะฝะธะต: [::1]:55026
[2025-10-09 15:12:39] ๐ฑ ะะพะฒะพะต WebSocket ะฟะพะดะบะปััะตะฝะธะต: [::1]:55035
[2025-10-09 15:12:47] ๐ฌ mif2: Hello
[2025-10-09 15:12:50] ๐ฌ mif1: Hello
[2025-10-09 15:12:58] ๐ฌ mif2: Privet
